Created by PLY version 3.11 (http://www.dabeaz.com/ply)

Unused terminals:

    ACTION
    ADD
    ADDITION_ASSIGNMENT
    ARROW
    ASYNC
    AWAIT
    BACK_SLASH
    BREAK
    CATCH
    CHAR
    CHARTYPE
    CLEAR
    CONCURRENT
    COUNT
    DECIMALTYPE
    DECIMAL_NUMBER
    DECREMENT
    DEQUEUE
    DICTIONARY
    DIVIDE
    DIVISION_ASSIGNMENT
    DO
    DOLLARSIGN
    DOT
    DOUBLEPOINT
    DOUBLE_QUOTATION_MARKS
    ELSE
    ELSE_IF
    ENQUEUE
    EQUAL_COMPARATION
    EXCEPTION
    FINALLY
    FOR
    FOREACH
    GREATER_THAN
    GREATER_THAN_OR_EQUAL
    ID
    IDENTIFIER
    IF
    IN
    INCREMENT
    INEQUALITY
    ISEMPTY
    JUMP_LINE
    LIST
    LOGICAND
    LOGICNOT
    LOGICOR
    LOGICXOR
    LONG
    METHOD
    MINUS
    MODULE_ASSIGNMENT
    MULTIPLICATION_ASSIGNMENT
    NAMESPACE
    NEW
    PEEK
    PERCENT
    PIPE
    PLUS
    POP
    PRINT
    PUSH
    PUT
    QUEUE
    READ
    REMOVE
    REMOVEAT
    RETURN
    SIPLE_QUOTATION_MARKS
    SMALLER_THAN
    SMALLER_THAN_OR_EQUAL
    STACK
    SUBTRACTION_ASSIGNMENT
    SWITCH
    TABULATION
    TASK
    TIMES
    TRY
    WHILE

Grammar

Rule 0     S' -> program
Rule 1     program -> USING SYSTEM DOTANDCOMMA block_publicClass
Rule 2     block_publicClass -> PUBLIC CLASS VARIABLE LKEY block_main_method RKEY
Rule 3     block_main_method -> STATIC VOID MAIN LPARENT STRINGTYPE LBRACKET RBRACKET VARIABLE RPARENT LKEY all_block_code RKEY
Rule 4     all_block_code -> block_code
Rule 5     all_block_code -> block_code all_block_code
Rule 6     block_code -> def_const_or_var
Rule 7     def_const_or_var -> constant_assignation
Rule 8     def_const_or_var -> variable_assignation
Rule 9     constant_assignation -> access_modifiers CONST assignation_type_value_multiple DOTANDCOMMA
Rule 10    constant_assignation -> CONST assignation_type_value_multiple DOTANDCOMMA
Rule 11    variable_assignation -> access_modifiers assignation_type_value_multiple DOTANDCOMMA
Rule 12    variable_assignation -> CONST assignation_type_value_multiple DOTANDCOMMA
Rule 13    access_modifiers -> PUBLIC
Rule 14    access_modifiers -> PRIVATE
Rule 15    assignation_type_value -> INTTYPE assignation_int
Rule 16    assignation_type_value -> STRINGTYPE assignation_string
Rule 17    assignation_type_value -> FLOATTYPE assignation_float
Rule 18    assignation_type_value -> BOOLTYPE assignation_true
Rule 19    assignation_type_value -> BOOLTYPE assignation_false
Rule 20    assignation_int -> VARIABLE ASSIGNATION INTEGER
Rule 21    assignation_string -> VARIABLE ASSIGNATION STRING
Rule 22    assignation_float -> VARIABLE ASSIGNATION FLOAT_NUMBER
Rule 23    assignation_true -> VARIABLE ASSIGNATION BOOLTRUE
Rule 24    assignation_false -> VARIABLE ASSIGNATION BOOLFALSE
Rule 25    assignation_type_value_multiple -> INTTYPE assignation_int_multiple
Rule 26    assignation_type_value_multiple -> STRINGTYPE assignation_string_multiple
Rule 27    assignation_type_value_multiple -> FLOATTYPE assignation_float_multiple
Rule 28    assignation_type_value_multiple -> BOOLTYPE assignation_true_multiple
Rule 29    assignation_type_value_multiple -> BOOLTYPE assignation_false_multiple
Rule 30    assignation_int_multiple -> assignation_int
Rule 31    assignation_int_multiple -> assignation_int COMMA assignation_int_multiple
Rule 32    assignation_string_multiple -> assignation_string
Rule 33    assignation_string_multiple -> assignation_string COMMA assignation_string_multiple
Rule 34    assignation_float_multiple -> assignation_float
Rule 35    assignation_float_multiple -> assignation_float COMMA assignation_float_multiple
Rule 36    assignation_true_multiple -> assignation_true
Rule 37    assignation_true_multiple -> assignation_true COMMA assignation_true_multiple
Rule 38    assignation_false_multiple -> assignation_false
Rule 39    assignation_false_multiple -> assignation_false COMMA assignation_false_multiple

Terminals, with rules where they appear

ACTION               : 
ADD                  : 
ADDITION_ASSIGNMENT  : 
ARROW                : 
ASSIGNATION          : 20 21 22 23 24
ASYNC                : 
AWAIT                : 
BACK_SLASH           : 
BOOLFALSE            : 24
BOOLTRUE             : 23
BOOLTYPE             : 18 19 28 29
BREAK                : 
CATCH                : 
CHAR                 : 
CHARTYPE             : 
CLASS                : 2
CLEAR                : 
COMMA                : 31 33 35 37 39
CONCURRENT           : 
CONST                : 9 10 12
COUNT                : 
DECIMALTYPE          : 
DECIMAL_NUMBER       : 
DECREMENT            : 
DEQUEUE              : 
DICTIONARY           : 
DIVIDE               : 
DIVISION_ASSIGNMENT  : 
DO                   : 
DOLLARSIGN           : 
DOT                  : 
DOTANDCOMMA          : 1 9 10 11 12
DOUBLEPOINT          : 
DOUBLE_QUOTATION_MARKS : 
ELSE                 : 
ELSE_IF              : 
ENQUEUE              : 
EQUAL_COMPARATION    : 
EXCEPTION            : 
FINALLY              : 
FLOATTYPE            : 17 27
FLOAT_NUMBER         : 22
FOR                  : 
FOREACH              : 
GREATER_THAN         : 
GREATER_THAN_OR_EQUAL : 
ID                   : 
IDENTIFIER           : 
IF                   : 
IN                   : 
INCREMENT            : 
INEQUALITY           : 
INTEGER              : 20
INTTYPE              : 15 25
ISEMPTY              : 
JUMP_LINE            : 
LBRACKET             : 3
LIST                 : 
LKEY                 : 2 3
LOGICAND             : 
LOGICNOT             : 
LOGICOR              : 
LOGICXOR             : 
LONG                 : 
LPARENT              : 3
MAIN                 : 3
METHOD               : 
MINUS                : 
MODULE_ASSIGNMENT    : 
MULTIPLICATION_ASSIGNMENT : 
NAMESPACE            : 
NEW                  : 
PEEK                 : 
PERCENT              : 
PIPE                 : 
PLUS                 : 
POP                  : 
PRINT                : 
PRIVATE              : 14
PUBLIC               : 2 13
PUSH                 : 
PUT                  : 
QUEUE                : 
RBRACKET             : 3
READ                 : 
REMOVE               : 
REMOVEAT             : 
RETURN               : 
RKEY                 : 2 3
RPARENT              : 3
SIPLE_QUOTATION_MARKS : 
SMALLER_THAN         : 
SMALLER_THAN_OR_EQUAL : 
STACK                : 
STATIC               : 3
STRING               : 21
STRINGTYPE           : 3 16 26
SUBTRACTION_ASSIGNMENT : 
SWITCH               : 
SYSTEM               : 1
TABULATION           : 
TASK                 : 
TIMES                : 
TRY                  : 
USING                : 1
VARIABLE             : 2 3 20 21 22 23 24
VOID                 : 3
WHILE                : 
error                : 

Nonterminals, with rules where they appear

access_modifiers     : 9 11
all_block_code       : 3 5
assignation_false    : 19 38 39
assignation_false_multiple : 29 39
assignation_float    : 17 34 35
assignation_float_multiple : 27 35
assignation_int      : 15 30 31
assignation_int_multiple : 25 31
assignation_string   : 16 32 33
assignation_string_multiple : 26 33
assignation_true     : 18 36 37
assignation_true_multiple : 28 37
assignation_type_value : 
assignation_type_value_multiple : 9 10 11 12
block_code           : 4 5
block_main_method    : 2
block_publicClass    : 1
constant_assignation : 7
def_const_or_var     : 6
program              : 0
variable_assignation : 8

Parsing method: LALR

state 0

    (0) S' -> . program
    (1) program -> . USING SYSTEM DOTANDCOMMA block_publicClass

    USING           shift and go to state 2

    program                        shift and go to state 1

state 1

    (0) S' -> program .



state 2

    (1) program -> USING . SYSTEM DOTANDCOMMA block_publicClass

    SYSTEM          shift and go to state 3


state 3

    (1) program -> USING SYSTEM . DOTANDCOMMA block_publicClass

    DOTANDCOMMA     shift and go to state 4


state 4

    (1) program -> USING SYSTEM DOTANDCOMMA . block_publicClass
    (2) block_publicClass -> . PUBLIC CLASS VARIABLE LKEY block_main_method RKEY

    PUBLIC          shift and go to state 6

    block_publicClass              shift and go to state 5

state 5

    (1) program -> USING SYSTEM DOTANDCOMMA block_publicClass .

    $end            reduce using rule 1 (program -> USING SYSTEM DOTANDCOMMA block_publicClass .)


state 6

    (2) block_publicClass -> PUBLIC . CLASS VARIABLE LKEY block_main_method RKEY

    CLASS           shift and go to state 7


state 7

    (2) block_publicClass -> PUBLIC CLASS . VARIABLE LKEY block_main_method RKEY

    VARIABLE        shift and go to state 8


state 8

    (2) block_publicClass -> PUBLIC CLASS VARIABLE . LKEY block_main_method RKEY

    LKEY            shift and go to state 9


state 9

    (2) block_publicClass -> PUBLIC CLASS VARIABLE LKEY . block_main_method RKEY
    (3) block_main_method -> . STATIC VOID MAIN LPARENT STRINGTYPE LBRACKET RBRACKET VARIABLE RPARENT LKEY all_block_code RKEY

    STATIC          shift and go to state 11

    block_main_method              shift and go to state 10

state 10

    (2) block_publicClass -> PUBLIC CLASS VARIABLE LKEY block_main_method . RKEY

    RKEY            shift and go to state 12


state 11

    (3) block_main_method -> STATIC . VOID MAIN LPARENT STRINGTYPE LBRACKET RBRACKET VARIABLE RPARENT LKEY all_block_code RKEY

    VOID            shift and go to state 13


state 12

    (2) block_publicClass -> PUBLIC CLASS VARIABLE LKEY block_main_method RKEY .

    $end            reduce using rule 2 (block_publicClass -> PUBLIC CLASS VARIABLE LKEY block_main_method RKEY .)


state 13

    (3) block_main_method -> STATIC VOID . MAIN LPARENT STRINGTYPE LBRACKET RBRACKET VARIABLE RPARENT LKEY all_block_code RKEY

    MAIN            shift and go to state 14


state 14

    (3) block_main_method -> STATIC VOID MAIN . LPARENT STRINGTYPE LBRACKET RBRACKET VARIABLE RPARENT LKEY all_block_code RKEY

    LPARENT         shift and go to state 15


state 15

    (3) block_main_method -> STATIC VOID MAIN LPARENT . STRINGTYPE LBRACKET RBRACKET VARIABLE RPARENT LKEY all_block_code RKEY

    STRINGTYPE      shift and go to state 16


state 16

    (3) block_main_method -> STATIC VOID MAIN LPARENT STRINGTYPE . LBRACKET RBRACKET VARIABLE RPARENT LKEY all_block_code RKEY

    LBRACKET        shift and go to state 17


state 17

    (3) block_main_method -> STATIC VOID MAIN LPARENT STRINGTYPE LBRACKET . RBRACKET VARIABLE RPARENT LKEY all_block_code RKEY

    RBRACKET        shift and go to state 18


state 18

    (3) block_main_method -> STATIC VOID MAIN LPARENT STRINGTYPE LBRACKET RBRACKET . VARIABLE RPARENT LKEY all_block_code RKEY

    VARIABLE        shift and go to state 19


state 19

    (3) block_main_method -> STATIC VOID MAIN LPARENT STRINGTYPE LBRACKET RBRACKET VARIABLE . RPARENT LKEY all_block_code RKEY

    RPARENT         shift and go to state 20


state 20

    (3) block_main_method -> STATIC VOID MAIN LPARENT STRINGTYPE LBRACKET RBRACKET VARIABLE RPARENT . LKEY all_block_code RKEY

    LKEY            shift and go to state 21


state 21

    (3) block_main_method -> STATIC VOID MAIN LPARENT STRINGTYPE LBRACKET RBRACKET VARIABLE RPARENT LKEY . all_block_code RKEY
    (4) all_block_code -> . block_code
    (5) all_block_code -> . block_code all_block_code
    (6) block_code -> . def_const_or_var
    (7) def_const_or_var -> . constant_assignation
    (8) def_const_or_var -> . variable_assignation
    (9) constant_assignation -> . access_modifiers CONST assignation_type_value_multiple DOTANDCOMMA
    (10) constant_assignation -> . CONST assignation_type_value_multiple DOTANDCOMMA
    (11) variable_assignation -> . access_modifiers assignation_type_value_multiple DOTANDCOMMA
    (12) variable_assignation -> . CONST assignation_type_value_multiple DOTANDCOMMA
    (13) access_modifiers -> . PUBLIC
    (14) access_modifiers -> . PRIVATE

    CONST           shift and go to state 28
    PUBLIC          shift and go to state 29
    PRIVATE         shift and go to state 30

    all_block_code                 shift and go to state 22
    block_code                     shift and go to state 23
    def_const_or_var               shift and go to state 24
    constant_assignation           shift and go to state 25
    variable_assignation           shift and go to state 26
    access_modifiers               shift and go to state 27

state 22

    (3) block_main_method -> STATIC VOID MAIN LPARENT STRINGTYPE LBRACKET RBRACKET VARIABLE RPARENT LKEY all_block_code . RKEY

    RKEY            shift and go to state 31


state 23

    (4) all_block_code -> block_code .
    (5) all_block_code -> block_code . all_block_code
    (4) all_block_code -> . block_code
    (5) all_block_code -> . block_code all_block_code
    (6) block_code -> . def_const_or_var
    (7) def_const_or_var -> . constant_assignation
    (8) def_const_or_var -> . variable_assignation
    (9) constant_assignation -> . access_modifiers CONST assignation_type_value_multiple DOTANDCOMMA
    (10) constant_assignation -> . CONST assignation_type_value_multiple DOTANDCOMMA
    (11) variable_assignation -> . access_modifiers assignation_type_value_multiple DOTANDCOMMA
    (12) variable_assignation -> . CONST assignation_type_value_multiple DOTANDCOMMA
    (13) access_modifiers -> . PUBLIC
    (14) access_modifiers -> . PRIVATE

    RKEY            reduce using rule 4 (all_block_code -> block_code .)
    CONST           shift and go to state 28
    PUBLIC          shift and go to state 29
    PRIVATE         shift and go to state 30

    block_code                     shift and go to state 23
    all_block_code                 shift and go to state 32
    def_const_or_var               shift and go to state 24
    constant_assignation           shift and go to state 25
    variable_assignation           shift and go to state 26
    access_modifiers               shift and go to state 27

state 24

    (6) block_code -> def_const_or_var .

    CONST           reduce using rule 6 (block_code -> def_const_or_var .)
    PUBLIC          reduce using rule 6 (block_code -> def_const_or_var .)
    PRIVATE         reduce using rule 6 (block_code -> def_const_or_var .)
    RKEY            reduce using rule 6 (block_code -> def_const_or_var .)


state 25

    (7) def_const_or_var -> constant_assignation .

    CONST           reduce using rule 7 (def_const_or_var -> constant_assignation .)
    PUBLIC          reduce using rule 7 (def_const_or_var -> constant_assignation .)
    PRIVATE         reduce using rule 7 (def_const_or_var -> constant_assignation .)
    RKEY            reduce using rule 7 (def_const_or_var -> constant_assignation .)


state 26

    (8) def_const_or_var -> variable_assignation .

    CONST           reduce using rule 8 (def_const_or_var -> variable_assignation .)
    PUBLIC          reduce using rule 8 (def_const_or_var -> variable_assignation .)
    PRIVATE         reduce using rule 8 (def_const_or_var -> variable_assignation .)
    RKEY            reduce using rule 8 (def_const_or_var -> variable_assignation .)


state 27

    (9) constant_assignation -> access_modifiers . CONST assignation_type_value_multiple DOTANDCOMMA
    (11) variable_assignation -> access_modifiers . assignation_type_value_multiple DOTANDCOMMA
    (25) assignation_type_value_multiple -> . INTTYPE assignation_int_multiple
    (26) assignation_type_value_multiple -> . STRINGTYPE assignation_string_multiple
    (27) assignation_type_value_multiple -> . FLOATTYPE assignation_float_multiple
    (28) assignation_type_value_multiple -> . BOOLTYPE assignation_true_multiple
    (29) assignation_type_value_multiple -> . BOOLTYPE assignation_false_multiple

    CONST           shift and go to state 33
    INTTYPE         shift and go to state 35
    STRINGTYPE      shift and go to state 36
    FLOATTYPE       shift and go to state 37
    BOOLTYPE        shift and go to state 38

    assignation_type_value_multiple shift and go to state 34

state 28

    (10) constant_assignation -> CONST . assignation_type_value_multiple DOTANDCOMMA
    (12) variable_assignation -> CONST . assignation_type_value_multiple DOTANDCOMMA
    (25) assignation_type_value_multiple -> . INTTYPE assignation_int_multiple
    (26) assignation_type_value_multiple -> . STRINGTYPE assignation_string_multiple
    (27) assignation_type_value_multiple -> . FLOATTYPE assignation_float_multiple
    (28) assignation_type_value_multiple -> . BOOLTYPE assignation_true_multiple
    (29) assignation_type_value_multiple -> . BOOLTYPE assignation_false_multiple

    INTTYPE         shift and go to state 35
    STRINGTYPE      shift and go to state 36
    FLOATTYPE       shift and go to state 37
    BOOLTYPE        shift and go to state 38

    assignation_type_value_multiple shift and go to state 39

state 29

    (13) access_modifiers -> PUBLIC .

    CONST           reduce using rule 13 (access_modifiers -> PUBLIC .)
    INTTYPE         reduce using rule 13 (access_modifiers -> PUBLIC .)
    STRINGTYPE      reduce using rule 13 (access_modifiers -> PUBLIC .)
    FLOATTYPE       reduce using rule 13 (access_modifiers -> PUBLIC .)
    BOOLTYPE        reduce using rule 13 (access_modifiers -> PUBLIC .)


state 30

    (14) access_modifiers -> PRIVATE .

    CONST           reduce using rule 14 (access_modifiers -> PRIVATE .)
    INTTYPE         reduce using rule 14 (access_modifiers -> PRIVATE .)
    STRINGTYPE      reduce using rule 14 (access_modifiers -> PRIVATE .)
    FLOATTYPE       reduce using rule 14 (access_modifiers -> PRIVATE .)
    BOOLTYPE        reduce using rule 14 (access_modifiers -> PRIVATE .)


state 31

    (3) block_main_method -> STATIC VOID MAIN LPARENT STRINGTYPE LBRACKET RBRACKET VARIABLE RPARENT LKEY all_block_code RKEY .

    RKEY            reduce using rule 3 (block_main_method -> STATIC VOID MAIN LPARENT STRINGTYPE LBRACKET RBRACKET VARIABLE RPARENT LKEY all_block_code RKEY .)


state 32

    (5) all_block_code -> block_code all_block_code .

    RKEY            reduce using rule 5 (all_block_code -> block_code all_block_code .)


state 33

    (9) constant_assignation -> access_modifiers CONST . assignation_type_value_multiple DOTANDCOMMA
    (25) assignation_type_value_multiple -> . INTTYPE assignation_int_multiple
    (26) assignation_type_value_multiple -> . STRINGTYPE assignation_string_multiple
    (27) assignation_type_value_multiple -> . FLOATTYPE assignation_float_multiple
    (28) assignation_type_value_multiple -> . BOOLTYPE assignation_true_multiple
    (29) assignation_type_value_multiple -> . BOOLTYPE assignation_false_multiple

    INTTYPE         shift and go to state 35
    STRINGTYPE      shift and go to state 36
    FLOATTYPE       shift and go to state 37
    BOOLTYPE        shift and go to state 38

    assignation_type_value_multiple shift and go to state 40

state 34

    (11) variable_assignation -> access_modifiers assignation_type_value_multiple . DOTANDCOMMA

    DOTANDCOMMA     shift and go to state 41


state 35

    (25) assignation_type_value_multiple -> INTTYPE . assignation_int_multiple
    (30) assignation_int_multiple -> . assignation_int
    (31) assignation_int_multiple -> . assignation_int COMMA assignation_int_multiple
    (20) assignation_int -> . VARIABLE ASSIGNATION INTEGER

    VARIABLE        shift and go to state 44

    assignation_int_multiple       shift and go to state 42
    assignation_int                shift and go to state 43

state 36

    (26) assignation_type_value_multiple -> STRINGTYPE . assignation_string_multiple
    (32) assignation_string_multiple -> . assignation_string
    (33) assignation_string_multiple -> . assignation_string COMMA assignation_string_multiple
    (21) assignation_string -> . VARIABLE ASSIGNATION STRING

    VARIABLE        shift and go to state 47

    assignation_string_multiple    shift and go to state 45
    assignation_string             shift and go to state 46

state 37

    (27) assignation_type_value_multiple -> FLOATTYPE . assignation_float_multiple
    (34) assignation_float_multiple -> . assignation_float
    (35) assignation_float_multiple -> . assignation_float COMMA assignation_float_multiple
    (22) assignation_float -> . VARIABLE ASSIGNATION FLOAT_NUMBER

    VARIABLE        shift and go to state 50

    assignation_float_multiple     shift and go to state 48
    assignation_float              shift and go to state 49

state 38

    (28) assignation_type_value_multiple -> BOOLTYPE . assignation_true_multiple
    (29) assignation_type_value_multiple -> BOOLTYPE . assignation_false_multiple
    (36) assignation_true_multiple -> . assignation_true
    (37) assignation_true_multiple -> . assignation_true COMMA assignation_true_multiple
    (38) assignation_false_multiple -> . assignation_false
    (39) assignation_false_multiple -> . assignation_false COMMA assignation_false_multiple
    (23) assignation_true -> . VARIABLE ASSIGNATION BOOLTRUE
    (24) assignation_false -> . VARIABLE ASSIGNATION BOOLFALSE

    VARIABLE        shift and go to state 55

    assignation_true_multiple      shift and go to state 51
    assignation_false_multiple     shift and go to state 52
    assignation_true               shift and go to state 53
    assignation_false              shift and go to state 54

state 39

    (10) constant_assignation -> CONST assignation_type_value_multiple . DOTANDCOMMA
    (12) variable_assignation -> CONST assignation_type_value_multiple . DOTANDCOMMA

    DOTANDCOMMA     shift and go to state 56


state 40

    (9) constant_assignation -> access_modifiers CONST assignation_type_value_multiple . DOTANDCOMMA

    DOTANDCOMMA     shift and go to state 57


state 41

    (11) variable_assignation -> access_modifiers assignation_type_value_multiple DOTANDCOMMA .

    CONST           reduce using rule 11 (variable_assignation -> access_modifiers assignation_type_value_multiple DOTANDCOMMA .)
    PUBLIC          reduce using rule 11 (variable_assignation -> access_modifiers assignation_type_value_multiple DOTANDCOMMA .)
    PRIVATE         reduce using rule 11 (variable_assignation -> access_modifiers assignation_type_value_multiple DOTANDCOMMA .)
    RKEY            reduce using rule 11 (variable_assignation -> access_modifiers assignation_type_value_multiple DOTANDCOMMA .)


state 42

    (25) assignation_type_value_multiple -> INTTYPE assignation_int_multiple .

    DOTANDCOMMA     reduce using rule 25 (assignation_type_value_multiple -> INTTYPE assignation_int_multiple .)


state 43

    (30) assignation_int_multiple -> assignation_int .
    (31) assignation_int_multiple -> assignation_int . COMMA assignation_int_multiple

    DOTANDCOMMA     reduce using rule 30 (assignation_int_multiple -> assignation_int .)
    COMMA           shift and go to state 58


state 44

    (20) assignation_int -> VARIABLE . ASSIGNATION INTEGER

    ASSIGNATION     shift and go to state 59


state 45

    (26) assignation_type_value_multiple -> STRINGTYPE assignation_string_multiple .

    DOTANDCOMMA     reduce using rule 26 (assignation_type_value_multiple -> STRINGTYPE assignation_string_multiple .)


state 46

    (32) assignation_string_multiple -> assignation_string .
    (33) assignation_string_multiple -> assignation_string . COMMA assignation_string_multiple

    DOTANDCOMMA     reduce using rule 32 (assignation_string_multiple -> assignation_string .)
    COMMA           shift and go to state 60


state 47

    (21) assignation_string -> VARIABLE . ASSIGNATION STRING

    ASSIGNATION     shift and go to state 61


state 48

    (27) assignation_type_value_multiple -> FLOATTYPE assignation_float_multiple .

    DOTANDCOMMA     reduce using rule 27 (assignation_type_value_multiple -> FLOATTYPE assignation_float_multiple .)


state 49

    (34) assignation_float_multiple -> assignation_float .
    (35) assignation_float_multiple -> assignation_float . COMMA assignation_float_multiple

    DOTANDCOMMA     reduce using rule 34 (assignation_float_multiple -> assignation_float .)
    COMMA           shift and go to state 62


state 50

    (22) assignation_float -> VARIABLE . ASSIGNATION FLOAT_NUMBER

    ASSIGNATION     shift and go to state 63


state 51

    (28) assignation_type_value_multiple -> BOOLTYPE assignation_true_multiple .

    DOTANDCOMMA     reduce using rule 28 (assignation_type_value_multiple -> BOOLTYPE assignation_true_multiple .)


state 52

    (29) assignation_type_value_multiple -> BOOLTYPE assignation_false_multiple .

    DOTANDCOMMA     reduce using rule 29 (assignation_type_value_multiple -> BOOLTYPE assignation_false_multiple .)


state 53

    (36) assignation_true_multiple -> assignation_true .
    (37) assignation_true_multiple -> assignation_true . COMMA assignation_true_multiple

    DOTANDCOMMA     reduce using rule 36 (assignation_true_multiple -> assignation_true .)
    COMMA           shift and go to state 64


state 54

    (38) assignation_false_multiple -> assignation_false .
    (39) assignation_false_multiple -> assignation_false . COMMA assignation_false_multiple

    DOTANDCOMMA     reduce using rule 38 (assignation_false_multiple -> assignation_false .)
    COMMA           shift and go to state 65


state 55

    (23) assignation_true -> VARIABLE . ASSIGNATION BOOLTRUE
    (24) assignation_false -> VARIABLE . ASSIGNATION BOOLFALSE

    ASSIGNATION     shift and go to state 66


state 56

    (10) constant_assignation -> CONST assignation_type_value_multiple DOTANDCOMMA .
    (12) variable_assignation -> CONST assignation_type_value_multiple DOTANDCOMMA .

  ! reduce/reduce conflict for CONST resolved using rule 10 (constant_assignation -> CONST assignation_type_value_multiple DOTANDCOMMA .)
  ! reduce/reduce conflict for PUBLIC resolved using rule 10 (constant_assignation -> CONST assignation_type_value_multiple DOTANDCOMMA .)
  ! reduce/reduce conflict for PRIVATE resolved using rule 10 (constant_assignation -> CONST assignation_type_value_multiple DOTANDCOMMA .)
  ! reduce/reduce conflict for RKEY resolved using rule 10 (constant_assignation -> CONST assignation_type_value_multiple DOTANDCOMMA .)
    CONST           reduce using rule 10 (constant_assignation -> CONST assignation_type_value_multiple DOTANDCOMMA .)
    PUBLIC          reduce using rule 10 (constant_assignation -> CONST assignation_type_value_multiple DOTANDCOMMA .)
    PRIVATE         reduce using rule 10 (constant_assignation -> CONST assignation_type_value_multiple DOTANDCOMMA .)
    RKEY            reduce using rule 10 (constant_assignation -> CONST assignation_type_value_multiple DOTANDCOMMA .)

  ! CONST           [ reduce using rule 12 (variable_assignation -> CONST assignation_type_value_multiple DOTANDCOMMA .) ]
  ! PUBLIC          [ reduce using rule 12 (variable_assignation -> CONST assignation_type_value_multiple DOTANDCOMMA .) ]
  ! PRIVATE         [ reduce using rule 12 (variable_assignation -> CONST assignation_type_value_multiple DOTANDCOMMA .) ]
  ! RKEY            [ reduce using rule 12 (variable_assignation -> CONST assignation_type_value_multiple DOTANDCOMMA .) ]


state 57

    (9) constant_assignation -> access_modifiers CONST assignation_type_value_multiple DOTANDCOMMA .

    CONST           reduce using rule 9 (constant_assignation -> access_modifiers CONST assignation_type_value_multiple DOTANDCOMMA .)
    PUBLIC          reduce using rule 9 (constant_assignation -> access_modifiers CONST assignation_type_value_multiple DOTANDCOMMA .)
    PRIVATE         reduce using rule 9 (constant_assignation -> access_modifiers CONST assignation_type_value_multiple DOTANDCOMMA .)
    RKEY            reduce using rule 9 (constant_assignation -> access_modifiers CONST assignation_type_value_multiple DOTANDCOMMA .)


state 58

    (31) assignation_int_multiple -> assignation_int COMMA . assignation_int_multiple
    (30) assignation_int_multiple -> . assignation_int
    (31) assignation_int_multiple -> . assignation_int COMMA assignation_int_multiple
    (20) assignation_int -> . VARIABLE ASSIGNATION INTEGER

    VARIABLE        shift and go to state 44

    assignation_int                shift and go to state 43
    assignation_int_multiple       shift and go to state 67

state 59

    (20) assignation_int -> VARIABLE ASSIGNATION . INTEGER

    INTEGER         shift and go to state 68


state 60

    (33) assignation_string_multiple -> assignation_string COMMA . assignation_string_multiple
    (32) assignation_string_multiple -> . assignation_string
    (33) assignation_string_multiple -> . assignation_string COMMA assignation_string_multiple
    (21) assignation_string -> . VARIABLE ASSIGNATION STRING

    VARIABLE        shift and go to state 47

    assignation_string             shift and go to state 46
    assignation_string_multiple    shift and go to state 69

state 61

    (21) assignation_string -> VARIABLE ASSIGNATION . STRING

    STRING          shift and go to state 70


state 62

    (35) assignation_float_multiple -> assignation_float COMMA . assignation_float_multiple
    (34) assignation_float_multiple -> . assignation_float
    (35) assignation_float_multiple -> . assignation_float COMMA assignation_float_multiple
    (22) assignation_float -> . VARIABLE ASSIGNATION FLOAT_NUMBER

    VARIABLE        shift and go to state 50

    assignation_float              shift and go to state 49
    assignation_float_multiple     shift and go to state 71

state 63

    (22) assignation_float -> VARIABLE ASSIGNATION . FLOAT_NUMBER

    FLOAT_NUMBER    shift and go to state 72


state 64

    (37) assignation_true_multiple -> assignation_true COMMA . assignation_true_multiple
    (36) assignation_true_multiple -> . assignation_true
    (37) assignation_true_multiple -> . assignation_true COMMA assignation_true_multiple
    (23) assignation_true -> . VARIABLE ASSIGNATION BOOLTRUE

    VARIABLE        shift and go to state 74

    assignation_true               shift and go to state 53
    assignation_true_multiple      shift and go to state 73

state 65

    (39) assignation_false_multiple -> assignation_false COMMA . assignation_false_multiple
    (38) assignation_false_multiple -> . assignation_false
    (39) assignation_false_multiple -> . assignation_false COMMA assignation_false_multiple
    (24) assignation_false -> . VARIABLE ASSIGNATION BOOLFALSE

    VARIABLE        shift and go to state 76

    assignation_false              shift and go to state 54
    assignation_false_multiple     shift and go to state 75

state 66

    (23) assignation_true -> VARIABLE ASSIGNATION . BOOLTRUE
    (24) assignation_false -> VARIABLE ASSIGNATION . BOOLFALSE

    BOOLTRUE        shift and go to state 77
    BOOLFALSE       shift and go to state 78


state 67

    (31) assignation_int_multiple -> assignation_int COMMA assignation_int_multiple .

    DOTANDCOMMA     reduce using rule 31 (assignation_int_multiple -> assignation_int COMMA assignation_int_multiple .)


state 68

    (20) assignation_int -> VARIABLE ASSIGNATION INTEGER .

    COMMA           reduce using rule 20 (assignation_int -> VARIABLE ASSIGNATION INTEGER .)
    DOTANDCOMMA     reduce using rule 20 (assignation_int -> VARIABLE ASSIGNATION INTEGER .)


state 69

    (33) assignation_string_multiple -> assignation_string COMMA assignation_string_multiple .

    DOTANDCOMMA     reduce using rule 33 (assignation_string_multiple -> assignation_string COMMA assignation_string_multiple .)


state 70

    (21) assignation_string -> VARIABLE ASSIGNATION STRING .

    COMMA           reduce using rule 21 (assignation_string -> VARIABLE ASSIGNATION STRING .)
    DOTANDCOMMA     reduce using rule 21 (assignation_string -> VARIABLE ASSIGNATION STRING .)


state 71

    (35) assignation_float_multiple -> assignation_float COMMA assignation_float_multiple .

    DOTANDCOMMA     reduce using rule 35 (assignation_float_multiple -> assignation_float COMMA assignation_float_multiple .)


state 72

    (22) assignation_float -> VARIABLE ASSIGNATION FLOAT_NUMBER .

    COMMA           reduce using rule 22 (assignation_float -> VARIABLE ASSIGNATION FLOAT_NUMBER .)
    DOTANDCOMMA     reduce using rule 22 (assignation_float -> VARIABLE ASSIGNATION FLOAT_NUMBER .)


state 73

    (37) assignation_true_multiple -> assignation_true COMMA assignation_true_multiple .

    DOTANDCOMMA     reduce using rule 37 (assignation_true_multiple -> assignation_true COMMA assignation_true_multiple .)


state 74

    (23) assignation_true -> VARIABLE . ASSIGNATION BOOLTRUE

    ASSIGNATION     shift and go to state 79


state 75

    (39) assignation_false_multiple -> assignation_false COMMA assignation_false_multiple .

    DOTANDCOMMA     reduce using rule 39 (assignation_false_multiple -> assignation_false COMMA assignation_false_multiple .)


state 76

    (24) assignation_false -> VARIABLE . ASSIGNATION BOOLFALSE

    ASSIGNATION     shift and go to state 80


state 77

    (23) assignation_true -> VARIABLE ASSIGNATION BOOLTRUE .

    COMMA           reduce using rule 23 (assignation_true -> VARIABLE ASSIGNATION BOOLTRUE .)
    DOTANDCOMMA     reduce using rule 23 (assignation_true -> VARIABLE ASSIGNATION BOOLTRUE .)


state 78

    (24) assignation_false -> VARIABLE ASSIGNATION BOOLFALSE .

    COMMA           reduce using rule 24 (assignation_false -> VARIABLE ASSIGNATION BOOLFALSE .)
    DOTANDCOMMA     reduce using rule 24 (assignation_false -> VARIABLE ASSIGNATION BOOLFALSE .)


state 79

    (23) assignation_true -> VARIABLE ASSIGNATION . BOOLTRUE

    BOOLTRUE        shift and go to state 77


state 80

    (24) assignation_false -> VARIABLE ASSIGNATION . BOOLFALSE

    BOOLFALSE       shift and go to state 78

WARNING: 
WARNING: Conflicts:
WARNING: 
WARNING: reduce/reduce conflict in state 56 resolved using rule (constant_assignation -> CONST assignation_type_value_multiple DOTANDCOMMA)
WARNING: rejected rule (variable_assignation -> CONST assignation_type_value_multiple DOTANDCOMMA) in state 56
WARNING: Rule (variable_assignation -> CONST assignation_type_value_multiple DOTANDCOMMA) is never reduced
